IOC_TEST:CAN-Stat-ComErr
IOC_TEST:CAN03-SDO01-AnalogValuesErr
IOC_TEST:CAN03-Stat-PWR_A
IOC_TEST:CAN03-Stat-PWR_B
IOC_TEST:CAN03-Stat-PWR_OUT
IOC_TEST:CAN03-Stat-REFL_OUT
IOC_TEST:CAN03-Stat-V_REG
IOC_TEST:CAN03-Stat-V_TEMP
IOC_TEST:CAN03-Stat-I_DRV
IOC_TEST:CAN03-Stat-I_PRE
IOC_TEST:CAN03-Stat-I_1A
IOC_TEST:CAN03-Stat-I_2A
IOC_TEST:CAN03-Stat-V_REFL_SAVE
IOC_TEST:CAN03-Stat-V_PLUSMON
IOC_TEST:CAN03-Stat-V_I_DC
IOC_TEST:CAN03-Stat-I_1B
IOC_TEST:CAN03-Stat-I_2B
IOC_TEST:CAN03-Stat-V_12V_MON
IOC_TEST:CAN03-Stat-VREF_PWR_OPV
IOC_TEST:CAN03-Stat-V_AUX_IN
IOC_TEST:CAN03-Stat-V_5V_ACB
IOC_TEST:CAN03-Stat-V_3V5
IOC_TEST:CAN03-Stat-AIR_INLET
IOC_TEST:CAN03-Stat-AIR_OUTLET
IOC_TEST:CAN03-SDO02-BasicConfigErr
