IOC_TEST:CAN-Stat-Connected
IOC_TEST:CAN03-Stat-SortLine1
IOC_TEST:CAN03-Stat-SortLine2
IOC_TEST:CAN03-Stat-SwUpdate
IOC_TEST:CAN03-Stat-SwHwAlrm
IOC_TEST:CAN03-Stat-FREQ_FAIL
IOC_TEST:CAN03-Stat-REDUCED_PWR
IOC_TEST:CAN03-Stat-PSU_RES
IOC_TEST:CAN03-Stat-FAN_FAIL
IOC_TEST:CAN03-Stat-SUPPLY_FAIL_1
IOC_TEST:CAN03-Stat-SUPPLY_FAIL_2
IOC_TEST:CAN03-Stat-PWR_CALIBRATED
IOC_TEST:CAN03-Stat-DET_INHIB_MON
IOC_TEST:CAN03-Stat-AMPLIFIER_ON
IOC_TEST:CAN03-Stat-RF_IN_FAIL
IOC_TEST:CAN03-Stat-MUTE
IOC_TEST:CAN03-Stat-REFELCTION
IOC_TEST:CAN03-Stat-RF_POWER_FAIL
IOC_TEST:CAN03-Stat-REFLECTION_INT
IOC_TEST:CAN03-Stat-TEMP_FAIL
IOC_TEST:CAN03-Stat-TEMP_FAIL_INT
IOC_TEST:CAN03-Stat-PA_FAIL
IOC_TEST:CAN03-Stat-DRV_FAIL
IOC_TEST:CAN03-Stat-TRANSISTOR_FAIL
IOC_TEST:CAN03-Stat-PEAK_AV
IOC_TEST:CAN03-Stat-RF_INHIB
IOC_TEST:CAN03-Stat-AC_OK_1
IOC_TEST:CAN03-Stat-AC_OK_2
IOC_TEST:CAN03-Stat-FAULT
IOC_TEST:CAN03-Stat-DC_OK_1
IOC_TEST:CAN03-Stat-DC_OK_2
IOC_TEST:CAN03-Stat-DC_FAIL
IOC_TEST:CAN03-Stat-SUPPLY_FAIL
IOC_TEST:CAN03-Stat-REGULATION_FAIL
IOC_TEST:CAN03-Stat-INT_FAIL
IOC_TEST:CAN03-Stat-INT_BUSY
IOC_TEST:CAN03-Stat-BIAS_FAIL_BIT0
IOC_TEST:CAN03-Stat-BIAS_FAIL_BIT1
IOC_TEST:CAN03-Stat-BIAS_ADJ
IOC_TEST:CAN03-Stat-SD_MON
