IOC_TEST:CAN03-StatB0_
IOC_TEST:CAN03-StatB3_
IOC_TEST:CAN03-StatB4_
IOC_TEST:CAN03-StatB5_
IOC_TEST:CAN03-StatB6_
IOC_TEST:CAN03-StatB7_
IOC_TEST:CAN03-Stat-V_TEMP_
IOC_TEST:CAN03-Stat-I_DRV_
IOC_TEST:CAN03-Stat-I_1A_
IOC_TEST:CAN03-Stat-I_2A_
IOC_TEST:CAN03-Stat-V_PLUSMON_
IOC_TEST:CAN03-Stat-V_I_DC_
IOC_TEST:CAN03-Stat-I_1B_
IOC_TEST:CAN03-Stat-I_2B_
IOC_TEST:CAN03-Stat-V_AUX_IN_
IOC_TEST:CAN03-Stat-AIR_INLET_
IOC_TEST:CAN03-Stat-AIR_OUTLET_
IOC_TEST:CAN03-Ctrl-VrefPwrCalcB1_
IOC_TEST:CAN03-Ctrl-VrefPwrCalcB2_
IOC_TEST:CAN03-Ctrl-VdcCtrlCalcB3_
IOC_TEST:CAN03-Ctrl-VdcCtrlCalcB4_
IOC_TEST:CAN00-ResetPackArray_
IOC_TEST:CAN03-BasicConfigPackArray_
IOC_TEST:CAN00-ResetB0_
IOC_TEST:CAN03-BasicConfigB0_
IOC_TEST:CAN00-PDO01-Reset_
IOC_TEST:CAN03-PDO01-Status_
IOC_TEST:CAN03-SDO01-AnalogValues_
IOC_TEST:CAN03-SDO02-BasicConfig_
